=========================================== test session starts ============================================
platform win32 -- Python 3.12.10, pytest-8.4.2, pluggy-1.6.0 -- C:\Users\johnh\Dropbox\Python\census_tool\.venv\Scripts\python.exe
cachedir: .pytest_cache
rootdir: C:\Users\johnh\Dropbox\Python\census_tool
configfile: pytest.ini
plugins: anyio-4.10.0, langsmith-0.4.27, timeout-2.4.0
collected 138 items                                                                                         

app_test_scripts/test_agent_fallback.py::test_agent_returns_error_on_iteration_limit PASSED           [  0%]
app_test_scripts/test_app_integration.py::test_create_census_graph PASSED                             [  1%] 
app_test_scripts/test_app_integration.py::test_workflow_routing PASSED                                [  2%] 
app_test_scripts/test_app_integration.py::test_state_management PASSED                                [  2%] 
app_test_scripts/test_area_resolution_tool.py::test_area_resolution_tool_returns_components PASSED    [  3%]
app_test_scripts/test_cache_performance.py::test_cache_hit_performance PASSED                         [  4%] 
app_test_scripts/test_cache_performance.py::test_cache_eviction PASSED                                [  5%] 
app_test_scripts/test_cache_performance.py::test_retention_policy_enforcement PASSED                  [  5%] 
app_test_scripts/test_category_detector.py::test_extract_json_raw_object PASSED                       [  6%] 
app_test_scripts/test_category_detector.py::test_extract_json_with_prefix_and_suffix_text PASSED      [  7%] 
app_test_scripts/test_category_detector.py::test_extract_json_with_braces_inside_string PASSED        [  7%]
app_test_scripts/test_category_detector.py::test_extract_json_returns_original_when_decode_fails PASSED [  8%]
app_test_scripts/test_census_query_agent.py::TestAgentParsing::test_parse_direct_json PASSED          [  9%]
app_test_scripts/test_census_query_agent.py::TestAgentParsing::test_parse_with_final_answer_prefix PASSED [ 10%]
app_test_scripts/test_census_query_agent.py::TestAgentParsing::test_parse_large_nested_structure PASSED [ 10%]
app_test_scripts/test_census_query_agent.py::TestAgentParsing::test_parse_with_escaped_quotes PASSED  [ 11%]
app_test_scripts/test_census_query_agent.py::TestAgentParsing::test_pydantic_validation_catches_invalid_structure PASSED [ 12%]
app_test_scripts/test_census_query_agent.py::TestAgentParsing::test_parse_with_nested_objects_in_data PASSED [ 13%]
app_test_scripts/test_census_query_agent.py::TestAgentParsing::test_parse_multiline_output_with_thoughts PASSED [ 13%]
app_test_scripts/test_census_query_agent.py::TestAgentParsing::test_parse_handles_special_characters PASSED [ 14%]
app_test_scripts/test_chroma_utils.py::test_get_hierarchy_ordering_returns_normalized_order PASSED    [ 15%] 
app_test_scripts/test_chroma_utils.py::test_get_hierarchy_ordering_handles_missing_metadata PASSED    [ 15%] 
app_test_scripts/test_chroma_utils.py::test_validate_and_fix_geo_params_orders_and_normalizes PASSED  [ 16%] 
app_test_scripts/test_dataset_geography_validator.py::test_geography_supported_uses_cache PASSED      [ 17%] 
app_test_scripts/test_dataset_geography_validator.py::test_fetch_levels_handles_network_error PASSED  [ 18%]
app_test_scripts/test_displays.py::test_display_single_value PASSED                                   [ 18%] 
app_test_scripts/test_displays.py::test_display_series PASSED                                         [ 19%] 
app_test_scripts/test_displays.py::test_display_table PASSED                                          [ 20%]
app_test_scripts/test_displays.py::test_display_not_census PASSED                                     [ 21%] 
app_test_scripts/test_displays.py::test_display_results PASSED                                        [ 21%] 
app_test_scripts/test_displays.py::test_display_results_with_error PASSED                             [ 22%] 
app_test_scripts/test_e2e_workflows.py::test_population_query_nyc PASSED                              [ 23%] 
app_test_scripts/test_e2e_workflows.py::test_income_trends_series PASSED                              [ 23%] 
app_test_scripts/test_e2e_workflows.py::test_county_comparison_table PASSED                           [ 24%]
app_test_scripts/test_e2e_workflows.py::test_non_census_question PASSED                               [ 25%] 
app_test_scripts/test_e2e_workflows.py::test_ambiguous_question PASSED                                [ 26%] 
app_test_scripts/test_e2e_workflows.py::test_api_error_handling PASSED                                [ 26%] 
app_test_scripts/test_e2e_workflows.py::test_tribal_area_workflow PASSED                              [ 27%] 
app_test_scripts/test_e2e_workflows.py::test_metro_area_workflow PASSED                               [ 28%]
app_test_scripts/test_e2e_workflows.py::test_auto_repair_workflow PASSED                              [ 28%] 
app_test_scripts/test_e2e_workflows.py::test_missing_parent_workflow PASSED                           [ 29%] 
app_test_scripts/test_e2e_workflows.py::test_part_geography_workflow PASSED                           [ 30%] 
app_test_scripts/test_e2e_workflows.py::test_validation_before_api_workflow PASSED                    [ 31%] 
app_test_scripts/test_e2e_workflows.py::test_complex_hierarchy_workflow PASSED                        [ 31%] 
app_test_scripts/test_enumeration_detector.py::test_build_enumeration_filters_returns_geo_dicts PASSED [ 32%]
app_test_scripts/test_geo_utils.py::test_resolve_geography_hint_returns_geo_dict PASSED               [ 33%]
app_test_scripts/test_geo_utils.py::test_resolve_geography_hint_profile_default_augmented PASSED      [ 34%] 
app_test_scripts/test_geo_utils.py::test_default_geo_contains_geo_dict PASSED                         [ 34%] 
app_test_scripts/test_geography_expansion.py::test_enumerate_tribal_areas_with_suffix PASSED          [ 35%]
app_test_scripts/test_geography_expansion.py::test_resolve_tribal_area_fuzzy_match PASSED             [ 36%] 
app_test_scripts/test_geography_expansion.py::test_find_area_code_routes_to_tribal PASSED             [ 36%]
app_test_scripts/test_geography_expansion.py::test_enumerate_statistical_areas PASSED                 [ 37%]
app_test_scripts/test_geography_expansion.py::test_resolve_statistical_area_fuzzy PASSED              [ 38%]
app_test_scripts/test_geography_expansion.py::test_resolve_part_geography PASSED                      [ 39%] 
app_test_scripts/test_geography_expansion.py::test_validate_geography_hierarchy_valid PASSED          [ 39%]
app_test_scripts/test_geography_expansion.py::test_validate_geography_hierarchy_missing_parent PASSED [ 40%] 
app_test_scripts/test_geography_expansion.py::test_validate_and_fix_geo_params_with_validation PASSED [ 41%] 
app_test_scripts/test_geography_expansion.py::test_geography_validation_tool_valid_params PASSED      [ 42%] 
app_test_scripts/test_geography_expansion.py::test_geography_validation_tool_missing_parent PASSED    [ 42%] 
app_test_scripts/test_geography_expansion.py::test_validate_and_fix_geo_params_reorders PASSED        [ 43%] 
app_test_scripts/test_geography_expansion.py::test_token_normalization PASSED                         [ 44%] 
app_test_scripts/test_geography_hierarchy_tool.py::test_geography_hierarchy_tool_returns_order PASSED [ 44%] 
app_test_scripts/test_geography_hierarchy_tool.py::test_geography_hierarchy_tool_handles_missing_order PASSED [ 45%]
app_test_scripts/test_geography_index.py::test_build_metadata_serializes_ordering_list PASSED         [ 46%]
app_test_scripts/test_geography_index.py::test_upsert_documents_uses_configured_embedding PASSED      [ 47%]
app_test_scripts/test_geography_integration.py::test_tribal_area_query_integration PASSED             [ 47%] 
app_test_scripts/test_geography_integration.py::test_metro_area_query_integration PASSED              [ 48%] 
app_test_scripts/test_geography_integration.py::test_auto_repair_bad_ordering_integration PASSED      [ 49%]
app_test_scripts/test_geography_integration.py::test_missing_parent_detection_integration PASSED      [ 50%] 
app_test_scripts/test_geography_integration.py::test_part_geography_query_integration PASSED          [ 50%] 
app_test_scripts/test_geography_integration.py::test_validation_before_api_call_workflow PASSED       [ 51%] 
app_test_scripts/test_geography_registry.py::test_enumerate_areas_orders_parents PASSED               [ 52%]
app_test_scripts/test_geography_registry_fuzzy.py::test_find_area_code_uses_fuzzy_matching PASSED     [ 52%] 
app_test_scripts/test_geography_validator_integration.py::test_fetch_real_geography_levels_acs5_2023 SKIPPED [ 53%]
app_test_scripts/test_geography_validator_integration.py::test_geography_supported_real_api SKIPPED   [ 54%] 
app_test_scripts/test_integration_agent_api.py::TestAgentIntegration::test_agent_state_population_query PASSED [ 55%]
app_test_scripts/test_integration_agent_api.py::TestAgentIntegration::test_agent_multiple_states_query PASSED [ 55%]
app_test_scripts/test_integration_agent_api.py::TestAgentIntegration::test_agent_handles_county_query_without_overwhelming_data PASSED [ 56%]
app_test_scripts/test_integration_agent_api.py::TestAgentIntegration::test_agent_parses_large_multi_county_response PASSED [ 57%]
app_test_scripts/test_integration_agent_api.py::TestAgentIntegration::test_agent_handles_table_search_workflow PASSED [ 57%]
app_test_scripts/test_integration_agent_api.py::TestAgentIntegration::test_agent_generates_charts_and_tables PASSED [ 58%]
app_test_scripts/test_integration_agent_api.py::TestAgentIntegration::test_agent_validates_geography_support PASSED [ 59%]
app_test_scripts/test_integration_agent_api.py::TestAgentErrorHandling::test_agent_handles_ambiguous_query PASSED [ 60%]
app_test_scripts/test_integration_agent_api.py::TestAgentErrorHandling::test_agent_handles_invalid_geography PASSED [ 60%]
app_test_scripts/test_main_app.py::test_main_app_startup PASSED                                       [ 61%] 
app_test_scripts/test_main_app.py::test_census_app_creation PASSED                                    [ 62%]
app_test_scripts/test_main_app.py::test_user_input_processing PASSED                                  [ 63%] 
app_test_scripts/test_main_app.py::test_census_state_creation PASSED                                  [ 63%] 
app_test_scripts/test_main_app.py::test_quit_functionality PASSED                                     [ 64%] 
app_test_scripts/test_main_app.py::test_error_handling PASSED                                         [ 65%] 
app_test_scripts/test_main_app.py::test_import_resolution PASSED                                      [ 65%]
app_test_scripts/test_main_app.py::test_census_state_field_types PASSED                               [ 66%] 
app_test_scripts/test_main_app.py::test_all_tests PASSED                                              [ 67%]
app_test_scripts/test_memory.py::test_memory_load_node PASSED                                         [ 68%] 
app_test_scripts/test_memory_utils.py::test_build_history_record PASSED                               [ 68%]
app_test_scripts/test_memory_utils.py::test_update_profile PASSED                                     [ 69%] 
app_test_scripts/test_memory_utils.py::test_prune_history_by_age PASSED                               [ 70%] 
app_test_scripts/test_memory_utils.py::test_enforce_retention_policies PASSED                         [ 71%]
app_test_scripts/test_multi_series_charts.py::TestGeographyColumnDetection::test_priority_order_state_first PASSED [ 71%]
app_test_scripts/test_multi_series_charts.py::TestGeographyColumnDetection::test_priority_order_county_second
 PASSED [ 72%]
app_test_scripts/test_multi_series_charts.py::TestGeographyColumnDetection::test_priority_order_name_third PASSED [ 73%]
app_test_scripts/test_multi_series_charts.py::TestGeographyColumnDetection::test_excludes_x_column PASSED [ 73%]
app_test_scripts/test_multi_series_charts.py::TestGeographyColumnDetection::test_returns_none_when_no_geography PASSED [ 74%]
app_test_scripts/test_multi_series_charts.py::TestMultiSeriesDetection::test_multi_series_line_chart_detected
 PASSED [ 75%]
app_test_scripts/test_multi_series_charts.py::TestMultiSeriesDetection::test_single_series_not_detected PASSED [ 76%]
app_test_scripts/test_multi_series_charts.py::TestMultiSeriesDetection::test_multi_series_bar_chart_detected PASSED [ 76%]
app_test_scripts/test_multi_series_charts.py::TestMultiSeriesDetection::test_priority_state_over_county PASSED [ 77%]
app_test_scripts/test_multi_series_charts.py::TestMultiSeriesDetection::test_no_multi_series_when_geography_is_x_column PASSED [ 78%]
app_test_scripts/test_multi_series_charts.py::TestMultiSeriesDetection::test_multi_series_with_time_series PASSED [ 78%]
app_test_scripts/test_multi_series_charts.py::TestMultiSeriesDetection::test_backward_compatibility_single_state PASSED [ 79%]
app_test_scripts/test_output_title_formatting.py::TestFormatChartTitle::test_with_variables_dict_bar_chart PASSED [ 80%]
app_test_scripts/test_output_title_formatting.py::TestFormatChartTitle::test_with_variables_dict_line_chart PASSED [ 81%]
app_test_scripts/test_output_title_formatting.py::TestFormatChartTitle::test_without_variables_dict_bar_chart
 PASSED [ 81%]
app_test_scripts/test_output_title_formatting.py::TestFormatChartTitle::test_without_variables_dict_line_chart PASSED [ 82%]
app_test_scripts/test_output_title_formatting.py::TestFormatChartTitle::test_with_empty_variables_dict PASSED [ 83%]
app_test_scripts/test_output_title_formatting.py::TestFormatChartTitle::test_with_empty_string_label PASSED [ 84%]
app_test_scripts/test_output_title_formatting.py::TestFormatChartTitle::test_with_whitespace_only_label PASSED [ 84%]
app_test_scripts/test_output_title_formatting.py::TestFormatChartTitle::test_with_unknown_chart_type PASSED [ 85%]
app_test_scripts/test_output_title_formatting.py::TestFormatChartTitle::test_variable_not_in_dict PASSED [ 86%]
app_test_scripts/test_output_title_formatting.py::TestGetChartParams::test_get_chart_params_with_variables_dict PASSED [ 86%]
app_test_scripts/test_output_title_formatting.py::TestGetChartParams::test_get_chart_params_without_variables_dict PASSED [ 87%]
app_test_scripts/test_output_title_formatting.py::TestGetChartParams::test_get_chart_params_line_chart_with_variables PASSED [ 88%]
app_test_scripts/test_output_title_formatting.py::TestGetChartParams::test_get_chart_params_empty_variables_dict PASSED [ 89%]
app_test_scripts/test_output_title_formatting.py::TestGetChartParams::test_get_chart_params_invalid_data_format PASSED [ 89%]
app_test_scripts/test_pdf_generation.py::test_pdf_generation PASSED                                   [ 90%]
app_test_scripts/test_pdf_generation.py::test_empty_conversation PASSED                               [ 91%] 
app_test_scripts/test_pdf_generation.py::test_missing_files PASSED                                    [ 92%] 
app_test_scripts/test_table_tool.py::test_create_dataframe_from_json_strips_formatting PASSED         [ 92%] 
app_test_scripts/test_table_tool.py::test_run_saves_clean_csv PASSED                                  [ 93%] 
app_test_scripts/test_table_tool.py::test_preserves_identifier_columns PASSED                         [ 94%] 
app_test_scripts/test_table_validation_tool.py::test_table_validation_tool_supported PASSED           [ 94%] 
app_test_scripts/test_table_validation_tool.py::test_table_validation_tool_invalid_input PASSED       [ 95%] 
app_test_scripts/test_variable_validation_tool.py::test_variable_validation_tool_validate PASSED      [ 96%] 
app_test_scripts/test_variable_validation_tool.py::test_variable_validation_tool_list PASSED          [ 97%] 
app_test_scripts/test_variable_validator.py::test_validate_variables_uses_chroma PASSED               [ 97%] 
app_test_scripts/test_variable_validator.py::test_validate_variables_live_fallback PASSED             [ 98%] 
app_test_scripts/test_variable_validator.py::test_validate_variables_provides_alternatives PASSED     [ 99%] 
app_test_scripts/test_variable_validator.py::test_list_variables_filters PASSED                       [100%] 

============================================= warnings summary ============================================= 
app_test_scripts\test_integration_agent_api.py:117
  C:\Users\johnh\Dropbox\Python\census_tool\app_test_scripts\test_integration_agent_api.py:117: PytestUnknownMarkWarning: Unknown pytest.mark.slow - is this a typo?  You can register custom marks to avoid this warning - for details, see https://docs.pytest.org/en/stable/how-to/mark.html
    @pytest.mark.slow

-- Docs: https://docs.pytest.org/en/stable/how-to/capture-warnings.html
========================== 136 passed, 2 skipped, 1 warning in 378.47s (0:06:18) =========================== 